0 info it worked if it ends with ok
1 verbose cli [ 'node',
1 verbose cli   '/usr/local/bin/npm',
1 verbose cli   'install',
1 verbose cli   '-g',
1 verbose cli   'browserify-handbook' ]
2 info using npm@1.4.28
3 info using node@v0.10.33
4 verbose cache add [ 'browserify-handbook', null ]
5 verbose cache add name=undefined spec="browserify-handbook" args=["browserify-handbook",null]
6 verbose parsed url { protocol: null,
6 verbose parsed url   slashes: null,
6 verbose parsed url   auth: null,
6 verbose parsed url   host: null,
6 verbose parsed url   port: null,
6 verbose parsed url   hostname: null,
6 verbose parsed url   hash: null,
6 verbose parsed url   search: null,
6 verbose parsed url   query: null,
6 verbose parsed url   pathname: 'browserify-handbook',
6 verbose parsed url   path: 'browserify-handbook',
6 verbose parsed url   href: 'browserify-handbook' }
7 silly lockFile 2d8ec903-browserify-handbook browserify-handbook
8 verbose lock browserify-handbook /Users/George/.npm/2d8ec903-browserify-handbook.lock
9 silly lockFile 2d8ec903-browserify-handbook browserify-handbook
10 silly lockFile 2d8ec903-browserify-handbook browserify-handbook
11 verbose addNamed [ 'browserify-handbook', '' ]
12 verbose addNamed [ null, '*' ]
13 silly lockFile 0fb485f1-browserify-handbook browserify-handbook@
14 verbose lock browserify-handbook@ /Users/George/.npm/0fb485f1-browserify-handbook.lock
15 silly addNameRange { name: 'browserify-handbook', range: '*', hasData: false }
16 verbose request where is /browserify-handbook
17 verbose request registry https://registry.npmjs.org/
18 verbose request id a32fd8c89598f569
19 verbose url raw /browserify-handbook
20 verbose url resolving [ 'https://registry.npmjs.org/', './browserify-handbook' ]
21 verbose url resolved https://registry.npmjs.org/browserify-handbook
22 verbose request where is https://registry.npmjs.org/browserify-handbook
23 info trying registry request attempt 1 at 03:13:40
24 http GET https://registry.npmjs.org/browserify-handbook
25 http 200 https://registry.npmjs.org/browserify-handbook
26 silly registry.get cb [ 200,
26 silly registry.get   { date: 'Thu, 11 Dec 2014 08:13:40 GMT',
26 silly registry.get     server: 'CouchDB/1.5.0 (Erlang OTP/R16B03)',
26 silly registry.get     etag: '"2IEEBQYPV8OR5LMHH92LHZLP6"',
26 silly registry.get     'content-type': 'application/json',
26 silly registry.get     'cache-control': 'max-age=60',
26 silly registry.get     'content-length': '86513',
26 silly registry.get     'accept-ranges': 'bytes',
26 silly registry.get     via: '1.1 varnish',
26 silly registry.get     age: '0',
26 silly registry.get     'x-served-by': 'cache-jfk1028-JFK',
26 silly registry.get     'x-cache': 'MISS',
26 silly registry.get     'x-cache-hits': '0',
26 silly registry.get     'x-timer': 'S1418285620.497801,VS0,VE97',
26 silly registry.get     vary: 'Accept',
26 silly registry.get     'keep-alive': 'timeout=10, max=50',
26 silly registry.get     connection: 'Keep-Alive' } ]
27 silly addNameRange number 2 { name: 'browserify-handbook', range: '*', hasData: true }
28 silly addNameRange versions [ 'browserify-handbook',
28 silly addNameRange   [ '1.0.0',
28 silly addNameRange     '1.1.0',
28 silly addNameRange     '1.2.0',
28 silly addNameRange     '1.3.0',
28 silly addNameRange     '1.3.1',
28 silly addNameRange     '1.4.0',
28 silly addNameRange     '1.5.0',
28 silly addNameRange     '1.6.0',
28 silly addNameRange     '1.6.1' ] ]
29 verbose addNamed [ 'browserify-handbook', '1.6.1' ]
30 verbose addNamed [ '1.6.1', '1.6.1' ]
31 silly lockFile 81cd1347-browserify-handbook-1-6-1 browserify-handbook@1.6.1
32 verbose lock browserify-handbook@1.6.1 /Users/George/.npm/81cd1347-browserify-handbook-1-6-1.lock
33 silly lockFile 5489181c-ok-browserify-handbook-1-6-1-tgz https://registry.npmjs.org/browserify-handbook/-/browserify-handbook-1.6.1.tgz
34 verbose lock https://registry.npmjs.org/browserify-handbook/-/browserify-handbook-1.6.1.tgz /Users/George/.npm/5489181c-ok-browserify-handbook-1-6-1-tgz.lock
35 verbose addRemoteTarball [ 'https://registry.npmjs.org/browserify-handbook/-/browserify-handbook-1.6.1.tgz',
35 verbose addRemoteTarball   '7becf167101aae5eac813afca7a67db85a918422' ]
36 info retry fetch attempt 1 at 03:13:40
37 verbose fetch to= /var/folders/tr/2tpv11f94c90spwx0l08hv9m0000gn/T/npm-24181-R8SU5laF/registry.npmjs.org/browserify-handbook/-/browserify-handbook-1.6.1.tgz
38 http GET https://registry.npmjs.org/browserify-handbook/-/browserify-handbook-1.6.1.tgz
39 http 200 https://registry.npmjs.org/browserify-handbook/-/browserify-handbook-1.6.1.tgz
40 silly lockFile 5489181c-ok-browserify-handbook-1-6-1-tgz https://registry.npmjs.org/browserify-handbook/-/browserify-handbook-1.6.1.tgz
41 silly lockFile 5489181c-ok-browserify-handbook-1-6-1-tgz https://registry.npmjs.org/browserify-handbook/-/browserify-handbook-1.6.1.tgz
42 silly lockFile 81cd1347-browserify-handbook-1-6-1 browserify-handbook@1.6.1
43 silly lockFile 81cd1347-browserify-handbook-1-6-1 browserify-handbook@1.6.1
44 silly lockFile 0fb485f1-browserify-handbook browserify-handbook@
45 silly lockFile 0fb485f1-browserify-handbook browserify-handbook@
46 silly resolved [ { name: 'browserify-handbook',
46 silly resolved     version: '1.6.1',
46 silly resolved     description: 'how to build modular applications with browserify',
46 silly resolved     repository:
46 silly resolved      { type: 'git',
46 silly resolved        url: 'git://github.com/substack/browserify-handbook.git' },
46 silly resolved     homepage: 'https://github.com/substack/browserify-handbook',
46 silly resolved     keywords: [ 'documentation', 'guide', 'handbook', 'browserify' ],
46 silly resolved     author:
46 silly resolved      { name: 'James Halliday',
46 silly resolved        email: 'mail@substack.net',
46 silly resolved        url: 'http://substack.net' },
46 silly resolved     license: 'cc-by-3.0',
46 silly resolved     dependencies: { 'default-pager': '^1.0.1' },
46 silly resolved     bin: { 'browserify-handbook': 'bin/cmd.js' },
46 silly resolved     gitHead: 'e624cd80fee980e8489e4d49b2452ee1c2da52dc',
46 silly resolved     bugs: { url: 'https://github.com/substack/browserify-handbook/issues' },
46 silly resolved     _id: 'browserify-handbook@1.6.1',
46 silly resolved     scripts: {},
46 silly resolved     _shasum: '7becf167101aae5eac813afca7a67db85a918422',
46 silly resolved     _from: 'browserify-handbook@',
46 silly resolved     _npmVersion: '2.0.2',
46 silly resolved     _nodeVersion: '0.10.31',
46 silly resolved     _npmUser: { name: 'substack', email: 'mail@substack.net' },
46 silly resolved     maintainers: [ [Object] ],
46 silly resolved     dist:
46 silly resolved      { shasum: '7becf167101aae5eac813afca7a67db85a918422',
46 silly resolved        tarball: 'http://registry.npmjs.org/browserify-handbook/-/browserify-handbook-1.6.1.tgz' },
46 silly resolved     directories: {},
46 silly resolved     _resolved: 'https://registry.npmjs.org/browserify-handbook/-/browserify-handbook-1.6.1.tgz' } ]
47 info install browserify-handbook@1.6.1 into /usr/local/lib
48 info installOne browserify-handbook@1.6.1
49 verbose lib/node_modules/browserify-handbook unbuild
50 verbose tar unpack /Users/George/.npm/browserify-handbook/1.6.1/package.tgz
51 silly lockFile 33496fdf-node-modules-browserify-handbook tar:///usr/local/lib/node_modules/browserify-handbook
52 verbose lock tar:///usr/local/lib/node_modules/browserify-handbook /Users/George/.npm/33496fdf-node-modules-browserify-handbook.lock
53 silly lockFile 9aeee5a0-erify-handbook-1-6-1-package-tgz tar:///Users/George/.npm/browserify-handbook/1.6.1/package.tgz
54 verbose lock tar:///Users/George/.npm/browserify-handbook/1.6.1/package.tgz /Users/George/.npm/9aeee5a0-erify-handbook-1-6-1-package-tgz.lock
55 silly gunzTarPerm modes [ '755', '644' ]
56 error Error: EACCES, mkdir '/usr/local/lib/node_modules/browserify-handbook'
56 error  { [Error: EACCES, mkdir '/usr/local/lib/node_modules/browserify-handbook']
56 error   errno: 3,
56 error   code: 'EACCES',
56 error   path: '/usr/local/lib/node_modules/browserify-handbook',
56 error   fstream_type: 'Directory',
56 error   fstream_path: '/usr/local/lib/node_modules/browserify-handbook',
56 error   fstream_class: 'DirWriter',
56 error   fstream_stack:
56 error    [ '/usr/local/lib/node_modules/npm/node_modules/fstream/lib/dir-writer.js:36:23',
56 error      '/usr/local/lib/node_modules/npm/node_modules/mkdirp/index.js:46:53',
56 error      'Object.oncomplete (fs.js:107:15)' ] }
57 error Please try running this command again as root/Administrator.
58 error System Darwin 14.0.0
59 error command "node" "/usr/local/bin/npm" "install" "-g" "browserify-handbook"
60 error cwd /Users/George/1phase3/semanticAgain
61 error node -v v0.10.33
62 error npm -v 1.4.28
63 error path /usr/local/lib/node_modules/browserify-handbook
64 error fstream_path /usr/local/lib/node_modules/browserify-handbook
65 error fstream_type Directory
66 error fstream_class DirWriter
67 error code EACCES
68 error errno 3
69 error stack Error: EACCES, mkdir '/usr/local/lib/node_modules/browserify-handbook'
70 error fstream_stack /usr/local/lib/node_modules/npm/node_modules/fstream/lib/dir-writer.js:36:23
70 error fstream_stack /usr/local/lib/node_modules/npm/node_modules/mkdirp/index.js:46:53
70 error fstream_stack Object.oncomplete (fs.js:107:15)
71 verbose exit [ 3, true ]
